<?xml version="1.0" encoding="UTF-8"?>
<testsuite name="com.bridgelabz.userregistration.UserRegistrationTest" tests="1" skipped="0" failures="0" errors="0" timestamp="2020-04-02T04:53:13" hostname="ganesh-X555LD" time="0.002">
  <properties/>
  <testcase name="registerEmail_givenEmail_shouldReturnTrue" classname="com.bridgelabz.userregistration.UserRegistrationTest" time="0.002"/>
  <system-out><![CDATA[]]></system-out>
  <system-err><![CDATA[]]></system-err>
</testsuite>
